[     189ms] [INFO] %cDownload the React DevTools for a better development experience: https://react.dev/link/react-devtools font-weight:bold @ http://localhost:3000/_next/static/chunks/node_modules_next_dist_115brz8._.js:2431
[     390ms] [LOG] [HMR] connected @ http://localhost:3000/_next/static/chunks/node_modules_next_dist_115brz8._.js:2431
[   77379ms] [ERROR] Failed to load resource: the server responded with a status of 400 (Bad Request) @ http://localhost:3000/api/models?provider=kie&capabilities=text-to-image,image-to-image:0
[   77458ms] [ERROR] Failed to load resource: the server responded with a status of 400 (Bad Request) @ http://localhost:3000/api/models?provider=kie&capabilities=text-to-video,image-to-video,audio-to-video:0
[   85132ms] [WARNING] [React Flow]: Couldn't create edge for target handle id: "prompt", edge id: edge-prompt-138-generateAudio-137-text-prompt. Help: https://reactflow.dev/error#008 @ http://localhost:3000/_next/static/chunks/node_modules_next_dist_115brz8._.js:2431
[   85191ms] [WARNING] [React Flow]: Couldn't create edge for target handle id: "prompt", edge id: edge-prompt-138-generateAudio-137-text-prompt. Help: https://reactflow.dev/error#008 @ http://localhost:3000/_next/static/chunks/node_modules_next_dist_115brz8._.js:2431
[   85192ms] [WARNING] [React Flow]: Couldn't create edge for target handle id: "prompt", edge id: edge-prompt-138-generateAudio-137-text-prompt. Help: https://reactflow.dev/error#008 @ http://localhost:3000/_next/static/chunks/node_modules_next_dist_115brz8._.js:2431
[   85193ms] [WARNING] [React Flow]: Couldn't create edge for target handle id: "prompt", edge id: edge-prompt-138-generateAudio-137-text-prompt. Help: https://reactflow.dev/error#008 @ http://localhost:3000/_next/static/chunks/node_modules_next_dist_115brz8._.js:2431
[   85195ms] [WARNING] [React Flow]: Couldn't create edge for target handle id: "prompt", edge id: edge-prompt-138-generateAudio-137-text-prompt. Help: https://reactflow.dev/error#008 @ http://localhost:3000/_next/static/chunks/node_modules_next_dist_115brz8._.js:2431
[   85196ms] [WARNING] [React Flow]: Couldn't create edge for target handle id: "prompt", edge id: edge-prompt-138-generateAudio-137-text-prompt. Help: https://reactflow.dev/error#008 @ http://localhost:3000/_next/static/chunks/node_modules_next_dist_115brz8._.js:2431
[   85197ms] [WARNING] [React Flow]: Couldn't create edge for target handle id: "prompt", edge id: edge-prompt-138-generateAudio-137-text-prompt. Help: https://reactflow.dev/error#008 @ http://localhost:3000/_next/static/chunks/node_modules_next_dist_115brz8._.js:2431
[   85198ms] [WARNING] [React Flow]: Couldn't create edge for target handle id: "prompt", edge id: edge-prompt-138-generateAudio-137-text-prompt. Help: https://reactflow.dev/error#008 @ http://localhost:3000/_next/static/chunks/node_modules_next_dist_115brz8._.js:2431
[   85199ms] [WARNING] [React Flow]: Couldn't create edge for target handle id: "prompt", edge id: edge-prompt-138-generateAudio-137-text-prompt. Help: https://reactflow.dev/error#008 @ http://localhost:3000/_next/static/chunks/node_modules_next_dist_115brz8._.js:2431
[   85200ms] [WARNING] [React Flow]: Couldn't create edge for target handle id: "prompt", edge id: edge-prompt-138-generateAudio-137-text-prompt. Help: https://reactflow.dev/error#008 @ http://localhost:3000/_next/static/chunks/node_modules_next_dist_115brz8._.js:2431
[   85266ms] [WARNING] [React Flow]: Couldn't create edge for target handle id: "prompt", edge id: edge-prompt-138-generateAudio-137-text-prompt. Help: https://reactflow.dev/error#008 @ http://localhost:3000/_next/static/chunks/node_modules_next_dist_115brz8._.js:2431
[   85267ms] [WARNING] [React Flow]: Couldn't create edge for target handle id: "prompt", edge id: edge-prompt-138-generateAudio-137-text-prompt. Help: https://reactflow.dev/error#008 @ http://localhost:3000/_next/static/chunks/node_modules_next_dist_115brz8._.js:2431
[   85268ms] [WARNING] [React Flow]: Couldn't create edge for target handle id: "prompt", edge id: edge-prompt-138-generateAudio-137-text-prompt. Help: https://reactflow.dev/error#008 @ http://localhost:3000/_next/static/chunks/node_modules_next_dist_115brz8._.js:2431
[   85269ms] [WARNING] [React Flow]: Couldn't create edge for target handle id: "prompt", edge id: edge-prompt-138-generateAudio-137-text-prompt. Help: https://reactflow.dev/error#008 @ http://localhost:3000/_next/static/chunks/node_modules_next_dist_115brz8._.js:2431
[   85270ms] [WARNING] [React Flow]: Couldn't create edge for target handle id: "prompt", edge id: edge-prompt-138-generateAudio-137-text-prompt. Help: https://reactflow.dev/error#008 @ http://localhost:3000/_next/static/chunks/node_modules_next_dist_115brz8._.js:2431
[   85272ms] [WARNING] [React Flow]: Couldn't create edge for target handle id: "prompt", edge id: edge-prompt-138-generateAudio-137-text-prompt. Help: https://reactflow.dev/error#008 @ http://localhost:3000/_next/static/chunks/node_modules_next_dist_115brz8._.js:2431
[   85273ms] [WARNING] [React Flow]: Couldn't create edge for target handle id: "prompt", edge id: edge-prompt-138-generateAudio-137-text-prompt. Help: https://reactflow.dev/error#008 @ http://localhost:3000/_next/static/chunks/node_modules_next_dist_115brz8._.js:2431
[   85274ms] [WARNING] [React Flow]: Couldn't create edge for target handle id: "prompt", edge id: edge-prompt-138-generateAudio-137-text-prompt. Help: https://reactflow.dev/error#008 @ http://localhost:3000/_next/static/chunks/node_modules_next_dist_115brz8._.js:2431
[   85275ms] [WARNING] [React Flow]: Couldn't create edge for target handle id: "prompt", edge id: edge-prompt-138-generateAudio-137-text-prompt. Help: https://reactflow.dev/error#008 @ http://localhost:3000/_next/static/chunks/node_modules_next_dist_115brz8._.js:2431
[   85317ms] [WARNING] [React Flow]: Couldn't create edge for target handle id: "prompt", edge id: edge-prompt-138-generateAudio-137-text-prompt. Help: https://reactflow.dev/error#008 @ http://localhost:3000/_next/static/chunks/node_modules_next_dist_115brz8._.js:2431
[   85318ms] [WARNING] [React Flow]: Couldn't create edge for target handle id: "prompt", edge id: edge-prompt-138-generateAudio-137-text-prompt. Help: https://reactflow.dev/error#008 @ http://localhost:3000/_next/static/chunks/node_modules_next_dist_115brz8._.js:2431
[   85319ms] [WARNING] [React Flow]: Couldn't create edge for target handle id: "prompt", edge id: edge-prompt-138-generateAudio-137-text-prompt. Help: https://reactflow.dev/error#008 @ http://localhost:3000/_next/static/chunks/node_modules_next_dist_115brz8._.js:2431
[   85320ms] [WARNING] [React Flow]: Couldn't create edge for target handle id: "prompt", edge id: edge-prompt-138-generateAudio-137-text-prompt. Help: https://reactflow.dev/error#008 @ http://localhost:3000/_next/static/chunks/node_modules_next_dist_115brz8._.js:2431
[   85321ms] [WARNING] [React Flow]: Couldn't create edge for target handle id: "prompt", edge id: edge-prompt-138-generateAudio-137-text-prompt. Help: https://reactflow.dev/error#008 @ http://localhost:3000/_next/static/chunks/node_modules_next_dist_115brz8._.js:2431
[   85322ms] [WARNING] [React Flow]: Couldn't create edge for target handle id: "prompt", edge id: edge-prompt-138-generateAudio-137-text-prompt. Help: https://reactflow.dev/error#008 @ http://localhost:3000/_next/static/chunks/node_modules_next_dist_115brz8._.js:2431
[   85323ms] [WARNING] [React Flow]: Couldn't create edge for target handle id: "prompt", edge id: edge-prompt-138-generateAudio-137-text-prompt. Help: https://reactflow.dev/error#008 @ http://localhost:3000/_next/static/chunks/node_modules_next_dist_115brz8._.js:2431
[   85324ms] [WARNING] [React Flow]: Couldn't create edge for target handle id: "prompt", edge id: edge-prompt-138-generateAudio-137-text-prompt. Help: https://reactflow.dev/error#008 @ http://localhost:3000/_next/static/chunks/node_modules_next_dist_115brz8._.js:2431
[   85325ms] [WARNING] [React Flow]: Couldn't create edge for target handle id: "prompt", edge id: edge-prompt-138-generateAudio-137-text-prompt. Help: https://reactflow.dev/error#008 @ http://localhost:3000/_next/static/chunks/node_modules_next_dist_115brz8._.js:2431
[   85531ms] [LOG] [Fast Refresh] rebuilding @ http://localhost:3000/_next/static/chunks/node_modules_next_dist_115brz8._.js:2431
[   85738ms] [LOG] [Fast Refresh] done in 307ms @ http://localhost:3000/_next/static/chunks/node_modules_next_dist_115brz8._.js:2431
[   86083ms] [WARNING] [React Flow]: Couldn't create edge for target handle id: "prompt", edge id: edge-prompt-138-generateAudio-137-text-prompt. Help: https://reactflow.dev/error#008 @ http://localhost:3000/_next/static/chunks/node_modules_next_dist_115brz8._.js:2431
[   86086ms] [WARNING] [React Flow]: Couldn't create edge for target handle id: "prompt", edge id: edge-prompt-138-generateAudio-137-text-prompt. Help: https://reactflow.dev/error#008 @ http://localhost:3000/_next/static/chunks/node_modules_next_dist_115brz8._.js:2431
[   86087ms] [WARNING] [React Flow]: Couldn't create edge for target handle id: "prompt", edge id: edge-prompt-138-generateAudio-137-text-prompt. Help: https://reactflow.dev/error#008 @ http://localhost:3000/_next/static/chunks/node_modules_next_dist_115brz8._.js:2431
[   86089ms] [WARNING] [React Flow]: Couldn't create edge for target handle id: "prompt", edge id: edge-prompt-138-generateAudio-137-text-prompt. Help: https://reactflow.dev/error#008 @ http://localhost:3000/_next/static/chunks/node_modules_next_dist_115brz8._.js:2431
[   86090ms] [WARNING] [React Flow]: Couldn't create edge for target handle id: "prompt", edge id: edge-prompt-138-generateAudio-137-text-prompt. Help: https://reactflow.dev/error#008 @ http://localhost:3000/_next/static/chunks/node_modules_next_dist_115brz8._.js:2431
[   86092ms] [WARNING] [React Flow]: Couldn't create edge for target handle id: "prompt", edge id: edge-prompt-138-generateAudio-137-text-prompt. Help: https://reactflow.dev/error#008 @ http://localhost:3000/_next/static/chunks/node_modules_next_dist_115brz8._.js:2431
[   86093ms] [WARNING] [React Flow]: Couldn't create edge for target handle id: "prompt", edge id: edge-prompt-138-generateAudio-137-text-prompt. Help: https://reactflow.dev/error#008 @ http://localhost:3000/_next/static/chunks/node_modules_next_dist_115brz8._.js:2431
[   86095ms] [WARNING] [React Flow]: Couldn't create edge for target handle id: "prompt", edge id: edge-prompt-138-generateAudio-137-text-prompt. Help: https://reactflow.dev/error#008 @ http://localhost:3000/_next/static/chunks/node_modules_next_dist_115brz8._.js:2431
[   86097ms] [WARNING] [React Flow]: Couldn't create edge for target handle id: "prompt", edge id: edge-prompt-138-generateAudio-137-text-prompt. Help: https://reactflow.dev/error#008 @ http://localhost:3000/_next/static/chunks/node_modules_next_dist_115brz8._.js:2431
[   86352ms] [WARNING] [React Flow]: Couldn't create edge for target handle id: "prompt", edge id: edge-prompt-138-generateAudio-137-text-prompt. Help: https://reactflow.dev/error#008 @ http://localhost:3000/_next/static/chunks/node_modules_next_dist_115brz8._.js:2431
[   86353ms] [WARNING] [React Flow]: Couldn't create edge for target handle id: "prompt", edge id: edge-prompt-138-generateAudio-137-text-prompt. Help: https://reactflow.dev/error#008 @ http://localhost:3000/_next/static/chunks/node_modules_next_dist_115brz8._.js:2431
[   86355ms] [WARNING] [React Flow]: Couldn't create edge for target handle id: "prompt", edge id: edge-prompt-138-generateAudio-137-text-prompt. Help: https://reactflow.dev/error#008 @ http://localhost:3000/_next/static/chunks/node_modules_next_dist_115brz8._.js:2431
[   86356ms] [WARNING] [React Flow]: Couldn't create edge for target handle id: "prompt", edge id: edge-prompt-138-generateAudio-137-text-prompt. Help: https://reactflow.dev/error#008 @ http://localhost:3000/_next/static/chunks/node_modules_next_dist_115brz8._.js:2431
[   86357ms] [WARNING] [React Flow]: Couldn't create edge for target handle id: "prompt", edge id: edge-prompt-138-generateAudio-137-text-prompt. Help: https://reactflow.dev/error#008 @ http://localhost:3000/_next/static/chunks/node_modules_next_dist_115brz8._.js:2431
[   86358ms] [WARNING] [React Flow]: Couldn't create edge for target handle id: "prompt", edge id: edge-prompt-138-generateAudio-137-text-prompt. Help: https://reactflow.dev/error#008 @ http://localhost:3000/_next/static/chunks/node_modules_next_dist_115brz8._.js:2431
[   86360ms] [WARNING] [React Flow]: Couldn't create edge for target handle id: "prompt", edge id: edge-prompt-138-generateAudio-137-text-prompt. Help: https://reactflow.dev/error#008 @ http://localhost:3000/_next/static/chunks/node_modules_next_dist_115brz8._.js:2431
[   86361ms] [WARNING] [React Flow]: Couldn't create edge for target handle id: "prompt", edge id: edge-prompt-138-generateAudio-137-text-prompt. Help: https://reactflow.dev/error#008 @ http://localhost:3000/_next/static/chunks/node_modules_next_dist_115brz8._.js:2431
[   86363ms] [WARNING] [React Flow]: Couldn't create edge for target handle id: "prompt", edge id: edge-prompt-138-generateAudio-137-text-prompt. Help: https://reactflow.dev/error#008 @ http://localhost:3000/_next/static/chunks/node_modules_next_dist_115brz8._.js:2431
[   86584ms] [WARNING] [React Flow]: Couldn't create edge for target handle id: "prompt", edge id: edge-prompt-138-generateAudio-137-text-prompt. Help: https://reactflow.dev/error#008 @ http://localhost:3000/_next/static/chunks/node_modules_next_dist_115brz8._.js:2431
[   86585ms] [WARNING] [React Flow]: Couldn't create edge for target handle id: "prompt", edge id: edge-prompt-138-generateAudio-137-text-prompt. Help: https://reactflow.dev/error#008 @ http://localhost:3000/_next/static/chunks/node_modules_next_dist_115brz8._.js:2431
[   86587ms] [WARNING] [React Flow]: Couldn't create edge for target handle id: "prompt", edge id: edge-prompt-138-generateAudio-137-text-prompt. Help: https://reactflow.dev/error#008 @ http://localhost:3000/_next/static/chunks/node_modules_next_dist_115brz8._.js:2431
[   86588ms] [WARNING] [React Flow]: Couldn't create edge for target handle id: "prompt", edge id: edge-prompt-138-generateAudio-137-text-prompt. Help: https://reactflow.dev/error#008 @ http://localhost:3000/_next/static/chunks/node_modules_next_dist_115brz8._.js:2431
[   86590ms] [WARNING] [React Flow]: Couldn't create edge for target handle id: "prompt", edge id: edge-prompt-138-generateAudio-137-text-prompt. Help: https://reactflow.dev/error#008 @ http://localhost:3000/_next/static/chunks/node_modules_next_dist_115brz8._.js:2431
[   86592ms] [WARNING] [React Flow]: Couldn't create edge for target handle id: "prompt", edge id: edge-prompt-138-generateAudio-137-text-prompt. Help: https://reactflow.dev/error#008 @ http://localhost:3000/_next/static/chunks/node_modules_next_dist_115brz8._.js:2431
[   86593ms] [WARNING] [React Flow]: Couldn't create edge for target handle id: "prompt", edge id: edge-prompt-138-generateAudio-137-text-prompt. Help: https://reactflow.dev/error#008 @ http://localhost:3000/_next/static/chunks/node_modules_next_dist_115brz8._.js:2431
[   86595ms] [WARNING] [React Flow]: Couldn't create edge for target handle id: "prompt", edge id: edge-prompt-138-generateAudio-137-text-prompt. Help: https://reactflow.dev/error#008 @ http://localhost:3000/_next/static/chunks/node_modules_next_dist_115brz8._.js:2431
[   86596ms] [WARNING] [React Flow]: Couldn't create edge for target handle id: "prompt", edge id: edge-prompt-138-generateAudio-137-text-prompt. Help: https://reactflow.dev/error#008 @ http://localhost:3000/_next/static/chunks/node_modules_next_dist_115brz8._.js:2431
[   86711ms] [WARNING] [React Flow]: Couldn't create edge for target handle id: "prompt", edge id: edge-prompt-138-generateAudio-137-text-prompt. Help: https://reactflow.dev/error#008 @ http://localhost:3000/_next/static/chunks/node_modules_next_dist_115brz8._.js:2431
[   86712ms] [WARNING] [React Flow]: Couldn't create edge for target handle id: "prompt", edge id: edge-prompt-138-generateAudio-137-text-prompt. Help: https://reactflow.dev/error#008 @ http://localhost:3000/_next/static/chunks/node_modules_next_dist_115brz8._.js:2431
[   86714ms] [WARNING] [React Flow]: Couldn't create edge for target handle id: "prompt", edge id: edge-prompt-138-generateAudio-137-text-prompt. Help: https://reactflow.dev/error#008 @ http://localhost:3000/_next/static/chunks/node_modules_next_dist_115brz8._.js:2431
[   86715ms] [WARNING] [React Flow]: Couldn't create edge for target handle id: "prompt", edge id: edge-prompt-138-generateAudio-137-text-prompt. Help: https://reactflow.dev/error#008 @ http://localhost:3000/_next/static/chunks/node_modules_next_dist_115brz8._.js:2431
[   86718ms] [WARNING] [React Flow]: Couldn't create edge for target handle id: "prompt", edge id: edge-prompt-138-generateAudio-137-text-prompt. Help: https://reactflow.dev/error#008 @ http://localhost:3000/_next/static/chunks/node_modules_next_dist_115brz8._.js:2431
[   86720ms] [WARNING] [React Flow]: Couldn't create edge for target handle id: "prompt", edge id: edge-prompt-138-generateAudio-137-text-prompt. Help: https://reactflow.dev/error#008 @ http://localhost:3000/_next/static/chunks/node_modules_next_dist_115brz8._.js:2431
[   86722ms] [WARNING] [React Flow]: Couldn't create edge for target handle id: "prompt", edge id: edge-prompt-138-generateAudio-137-text-prompt. Help: https://reactflow.dev/error#008 @ http://localhost:3000/_next/static/chunks/node_modules_next_dist_115brz8._.js:2431
[   86724ms] [WARNING] [React Flow]: Couldn't create edge for target handle id: "prompt", edge id: edge-prompt-138-generateAudio-137-text-prompt. Help: https://reactflow.dev/error#008 @ http://localhost:3000/_next/static/chunks/node_modules_next_dist_115brz8._.js:2431
[   86726ms] [WARNING] [React Flow]: Couldn't create edge for target handle id: "prompt", edge id: edge-prompt-138-generateAudio-137-text-prompt. Help: https://reactflow.dev/error#008 @ http://localhost:3000/_next/static/chunks/node_modules_next_dist_115brz8._.js:2431
[   86970ms] [WARNING] [React Flow]: Couldn't create edge for target handle id: "prompt", edge id: edge-prompt-138-generateAudio-137-text-prompt. Help: https://reactflow.dev/error#008 @ http://localhost:3000/_next/static/chunks/node_modules_next_dist_115brz8._.js:2431
[   86971ms] [WARNING] [React Flow]: Couldn't create edge for target handle id: "prompt", edge id: edge-prompt-138-generateAudio-137-text-prompt. Help: https://reactflow.dev/error#008 @ http://localhost:3000/_next/static/chunks/node_modules_next_dist_115brz8._.js:2431
[   86972ms] [WARNING] [React Flow]: Couldn't create edge for target handle id: "prompt", edge id: edge-prompt-138-generateAudio-137-text-prompt. Help: https://reactflow.dev/error#008 @ http://localhost:3000/_next/static/chunks/node_modules_next_dist_115brz8._.js:2431
[   86973ms] [WARNING] [React Flow]: Couldn't create edge for target handle id: "prompt", edge id: edge-prompt-138-generateAudio-137-text-prompt. Help: https://reactflow.dev/error#008 @ http://localhost:3000/_next/static/chunks/node_modules_next_dist_115brz8._.js:2431
[   86975ms] [WARNING] [React Flow]: Couldn't create edge for target handle id: "prompt", edge id: edge-prompt-138-generateAudio-137-text-prompt. Help: https://reactflow.dev/error#008 @ http://localhost:3000/_next/static/chunks/node_modules_next_dist_115brz8._.js:2431
[   86976ms] [WARNING] [React Flow]: Couldn't create edge for target handle id: "prompt", edge id: edge-prompt-138-generateAudio-137-text-prompt. Help: https://reactflow.dev/error#008 @ http://localhost:3000/_next/static/chunks/node_modules_next_dist_115brz8._.js:2431
[   86977ms] [WARNING] [React Flow]: Couldn't create edge for target handle id: "prompt", edge id: edge-prompt-138-generateAudio-137-text-prompt. Help: https://reactflow.dev/error#008 @ http://localhost:3000/_next/static/chunks/node_modules_next_dist_115brz8._.js:2431
[   86979ms] [WARNING] [React Flow]: Couldn't create edge for target handle id: "prompt", edge id: edge-prompt-138-generateAudio-137-text-prompt. Help: https://reactflow.dev/error#008 @ http://localhost:3000/_next/static/chunks/node_modules_next_dist_115brz8._.js:2431
[   86981ms] [WARNING] [React Flow]: Couldn't create edge for target handle id: "prompt", edge id: edge-prompt-138-generateAudio-137-text-prompt. Help: https://reactflow.dev/error#008 @ http://localhost:3000/_next/static/chunks/node_modules_next_dist_115brz8._.js:2431
[   93753ms] [WARNING] [React Flow]: Couldn't create edge for target handle id: "prompt", edge id: edge-prompt-138-generateAudio-137-text-prompt. Help: https://reactflow.dev/error#008 @ http://localhost:3000/_next/static/chunks/node_modules_next_dist_115brz8._.js:2431
[   93754ms] [WARNING] [React Flow]: Couldn't create edge for target handle id: "prompt", edge id: edge-prompt-138-generateAudio-137-text-prompt. Help: https://reactflow.dev/error#008 @ http://localhost:3000/_next/static/chunks/node_modules_next_dist_115brz8._.js:2431
[   94489ms] [WARNING] [React Flow]: Couldn't create edge for target handle id: "prompt", edge id: edge-prompt-138-generateAudio-137-text-prompt. Help: https://reactflow.dev/error#008 @ http://localhost:3000/_next/static/chunks/node_modules_next_dist_115brz8._.js:2431
[   94490ms] [WARNING] [React Flow]: Couldn't create edge for target handle id: "prompt", edge id: edge-prompt-138-generateAudio-137-text-prompt. Help: https://reactflow.dev/error#008 @ http://localhost:3000/_next/static/chunks/node_modules_next_dist_115brz8._.js:2431
[   96207ms] [WARNING] [React Flow]: Couldn't create edge for target handle id: "prompt", edge id: edge-prompt-138-generateAudio-137-text-prompt. Help: https://reactflow.dev/error#008 @ http://localhost:3000/_next/static/chunks/node_modules_next_dist_115brz8._.js:2431
[   96209ms] [WARNING] [React Flow]: Couldn't create edge for target handle id: "prompt", edge id: edge-prompt-138-generateAudio-137-text-prompt. Help: https://reactflow.dev/error#008 @ http://localhost:3000/_next/static/chunks/node_modules_next_dist_115brz8._.js:2431
[   97278ms] [WARNING] [React Flow]: Couldn't create edge for target handle id: "prompt", edge id: edge-prompt-138-generateAudio-137-text-prompt. Help: https://reactflow.dev/error#008 @ http://localhost:3000/_next/static/chunks/node_modules_next_dist_115brz8._.js:2431
[   97412ms] [WARNING] [React Flow]: Couldn't create edge for target handle id: "prompt", edge id: edge-prompt-138-generateAudio-137-text-prompt. Help: https://reactflow.dev/error#008 @ http://localhost:3000/_next/static/chunks/node_modules_next_dist_115brz8._.js:2431
[   97447ms] [WARNING] [React Flow]: Couldn't create edge for target handle id: "prompt", edge id: edge-prompt-138-generateAudio-137-text-prompt. Help: https://reactflow.dev/error#008 @ http://localhost:3000/_next/static/chunks/node_modules_next_dist_115brz8._.js:2431
[   97480ms] [WARNING] [React Flow]: Couldn't create edge for target handle id: "prompt", edge id: edge-prompt-138-generateAudio-137-text-prompt. Help: https://reactflow.dev/error#008 @ http://localhost:3000/_next/static/chunks/node_modules_next_dist_115brz8._.js:2431
[   97515ms] [WARNING] [React Flow]: Couldn't create edge for target handle id: "prompt", edge id: edge-prompt-138-generateAudio-137-text-prompt. Help: https://reactflow.dev/error#008 @ http://localhost:3000/_next/static/chunks/node_modules_next_dist_115brz8._.js:2431
[   97553ms] [WARNING] [React Flow]: Couldn't create edge for target handle id: "prompt", edge id: edge-prompt-138-generateAudio-137-text-prompt. Help: https://reactflow.dev/error#008 @ http://localhost:3000/_next/static/chunks/node_modules_next_dist_115brz8._.js:2431
[   97585ms] [WARNING] [React Flow]: Couldn't create edge for target handle id: "prompt", edge id: edge-prompt-138-generateAudio-137-text-prompt. Help: https://reactflow.dev/error#008 @ http://localhost:3000/_next/static/chunks/node_modules_next_dist_115brz8._.js:2431
[   97622ms] [WARNING] [React Flow]: Couldn't create edge for target handle id: "prompt", edge id: edge-prompt-138-generateAudio-137-text-prompt. Help: https://reactflow.dev/error#008 @ http://localhost:3000/_next/static/chunks/node_modules_next_dist_115brz8._.js:2431
[   97663ms] [WARNING] [React Flow]: Couldn't create edge for target handle id: "prompt", edge id: edge-prompt-138-generateAudio-137-text-prompt. Help: https://reactflow.dev/error#008 @ http://localhost:3000/_next/static/chunks/node_modules_next_dist_115brz8._.js:2431
[   97701ms] [WARNING] [React Flow]: Couldn't create edge for target handle id: "prompt", edge id: edge-prompt-138-generateAudio-137-text-prompt. Help: https://reactflow.dev/error#008 @ http://localhost:3000/_next/static/chunks/node_modules_next_dist_115brz8._.js:2431
[   97740ms] [WARNING] [React Flow]: Couldn't create edge for target handle id: "prompt", edge id: edge-prompt-138-generateAudio-137-text-prompt. Help: https://reactflow.dev/error#008 @ http://localhost:3000/_next/static/chunks/node_modules_next_dist_115brz8._.js:2431
[   97778ms] [WARNING] [React Flow]: Couldn't create edge for target handle id: "prompt", edge id: edge-prompt-138-generateAudio-137-text-prompt. Help: https://reactflow.dev/error#008 @ http://localhost:3000/_next/static/chunks/node_modules_next_dist_115brz8._.js:2431
[   97816ms] [WARNING] [React Flow]: Couldn't create edge for target handle id: "prompt", edge id: edge-prompt-138-generateAudio-137-text-prompt. Help: https://reactflow.dev/error#008 @ http://localhost:3000/_next/static/chunks/node_modules_next_dist_115brz8._.js:2431
[   97859ms] [WARNING] [React Flow]: Couldn't create edge for target handle id: "prompt", edge id: edge-prompt-138-generateAudio-137-text-prompt. Help: https://reactflow.dev/error#008 @ http://localhost:3000/_next/static/chunks/node_modules_next_dist_115brz8._.js:2431
[   97898ms] [WARNING] [React Flow]: Couldn't create edge for target handle id: "prompt", edge id: edge-prompt-138-generateAudio-137-text-prompt. Help: https://reactflow.dev/error#008 @ http://localhost:3000/_next/static/chunks/node_modules_next_dist_115brz8._.js:2431
[   97940ms] [WARNING] [React Flow]: Couldn't create edge for target handle id: "prompt", edge id: edge-prompt-138-generateAudio-137-text-prompt. Help: https://reactflow.dev/error#008 @ http://localhost:3000/_next/static/chunks/node_modules_next_dist_115brz8._.js:2431
[   97991ms] [WARNING] [React Flow]: Couldn't create edge for target handle id: "prompt", edge id: edge-prompt-138-generateAudio-137-text-prompt. Help: https://reactflow.dev/error#008 @ http://localhost:3000/_next/static/chunks/node_modules_next_dist_115brz8._.js:2431
[   98034ms] [WARNING] [React Flow]: Couldn't create edge for target handle id: "prompt", edge id: edge-prompt-138-generateAudio-137-text-prompt. Help: https://reactflow.dev/error#008 @ http://localhost:3000/_next/static/chunks/node_modules_next_dist_115brz8._.js:2431
[   98077ms] [WARNING] [React Flow]: Couldn't create edge for target handle id: "prompt", edge id: edge-prompt-138-generateAudio-137-text-prompt. Help: https://reactflow.dev/error#008 @ http://localhost:3000/_next/static/chunks/node_modules_next_dist_115brz8._.js:2431
[   98097ms] [WARNING] [React Flow]: Couldn't create edge for target handle id: "prompt", edge id: edge-prompt-138-generateAudio-137-text-prompt. Help: https://reactflow.dev/error#008 @ http://localhost:3000/_next/static/chunks/node_modules_next_dist_115brz8._.js:2431
